<?xml version="1.0" encoding="utf-8"?><testsuites name="pytest tests"><testsuite name="pytest" errors="0" failures="0" skipped="0" tests="21" time="6.056" timestamp="2026-09-20T10:38:47.999897+00:00" hostname="agent-env-c3be3f25-d573-4e6d-832f-902dfcb55ebf"><testcase classname="tests.backend_test.TestReviews" name="test_list_reviews_public" time="0.356" /><testcase classname="tests.backend_test.TestCertificates" name="test_seed_cert_verify_uppercase" time="0.367" /><testcase classname="tests.backend_test.TestReviews" name="test_create_review_requires_key" time="0.287" /><testcase classname="tests.backend_test.TestCertificates" name="test_seed_cert_verify_lowercase" time="0.355" /><testcase classname="tests.backend_test.TestReviews" name="test_update_review_requires_key" time="0.290" /><testcase classname="tests.backend_test.TestCertificates" name="test_verify_not_found" time="0.318" /><testcase classname="tests.backend_test.TestReviews" name="test_delete_review_requires_key" time="0.303" /><testcase classname="tests.backend_test.TestCertificates" name="test_list_certs_requires_key" time="0.299" /><testcase classname="tests.backend_test.TestReviews" name="test_review_crud_flow" time="1.854" /><testcase classname="tests.backend_test.TestCertificates" name="test_list_certs_has_seed" time="0.301" /><testcase classname="tests.backend_test.TestCertificates" name="test_create_and_verify_and_delete_cert" time="1.649" /><testcase classname="tests.backend_test.TestReviews" name="test_update_nonexistent_review" time="0.280" /><testcase classname="tests.backend_test.TestCertificates" name="test_create_cert_requires_key" time="0.289" /><testcase classname="tests.backend_test.TestAdminGate" name="test_admin_no_key" time="0.290" /><testcase classname="tests.backend_test.TestAdminGate" name="test_admin_wrong_key" time="0.358" /><testcase classname="tests.backend_test.TestRegistration" name="test_create_registration_success" time="0.442" /><testcase classname="tests.backend_test.TestRegistration" name="test_reject_bad_file_type" time="0.282" /><testcase classname="tests.backend_test.TestAdminGate" name="test_admin_verify" time="0.335" /><testcase classname="tests.backend_test.TestCourses" name="test_get_courses" time="0.266" /><testcase classname="tests.backend_test.TestAdminGate" name="test_admin_list_regs" time="0.795" /><testcase classname="tests.backend_test.TestAdminGate" name="test_admin_get_bukti" time="0.411" /></testsuite></testsuites>