<?xml version="1.0" encoding="utf-8"?><testsuites name="pytest tests"><testsuite name="pytest" errors="0" failures="0" skipped="0" tests="10" time="1.925" timestamp="2026-09-20T02:06:26.761918+00:00" hostname="agent-env-3c0db250-dcd1-4da8-b8e2-f3515d36ab48"><testcase classname="tests.backend_test.TestAdmin" name="test_admin_no_key" time="0.309" /><testcase classname="tests.backend_test.TestAdmin" name="test_admin_wrong_key" time="0.140" /><testcase classname="tests.backend_test.TestAdmin" name="test_admin_verify" time="0.147" /><testcase classname="tests.backend_test.TestRegistration" name="test_create_registration_success" time="0.520" /><testcase classname="tests.backend_test.TestRegistration" name="test_reject_bad_file_type" time="0.138" /><testcase classname="tests.backend_test.TestRegistration" name="test_reject_large_file" time="0.605" /><testcase classname="tests.backend_test.TestAdmin" name="test_admin_list" time="0.412" /><testcase classname="tests.backend_test.TestAdmin" name="test_admin_get_bukti" time="0.234" /><testcase classname="tests.backend_test.TestAdmin" name="test_admin_get_bukti_wrong_key" time="0.148" /><testcase classname="tests.backend_test.TestCourses" name="test_get_courses" time="0.181" /></testsuite></testsuites>